[0m11:54:17.522858 [debug] [MainThread]: Sending event: {'category': 'dbt', 'action': 'invocation', 'label': 'start', 'context': [<snowplow_tracker.self_describing_json.SelfDescribingJson object at 0x0000022E5403F680>, <snowplow_tracker.self_describing_json.SelfDescribingJson object at 0x0000022E520B1010>, <snowplow_tracker.self_describing_json.SelfDescribingJson object at 0x0000022E50EF2510>]}


============================== 11:54:17.549117 | 500d052c-bac9-4fd4-95fd-855f2b24053d ==============================
[0m11:54:17.549117 [info ] [MainThread]: Running with dbt=1.10.15
[0m11:54:17.552376 [debug] [MainThread]: running dbt with arguments {'profiles_dir': 'C:\\Users\\Gerson\\.dbt', 'log_format': 'default', 'use_colors': 'True', 'printer_width': '80', 'target_path': 'None', 'warn_error': 'None', 'static_parser': 'True', 'fail_fast': 'False', 'indirect_selection': 'eager', 'send_anonymous_usage_stats': 'True', 'log_path': 'logs', 'warn_error_options': 'WarnErrorOptionsV2(error=[], warn=[], silence=[])', 'partial_parse': 'True', 'version_check': 'True', 'use_experimental_parser': 'False', 'introspect': 'True', 'quiet': 'False', 'empty': 'None', 'log_cache_events': 'False', 'debug': 'False', 'no_print': 'None', 'invocation_command': 'dbt init', 'cache_selected_only': 'False', 'write_json': 'True'}
[0m11:55:59.734273 [debug] [MainThread]: Starter project path: E:\DEV\workshop_airflow_dbt\1_local_setup\.venv\Lib\site-packages\dbt\include\starter_project
[0m11:55:59.738540 [info ] [MainThread]: 
Your new dbt project "jornada_dw" was created!

For more information on how to configure the profiles.yml file,
please consult the dbt documentation here:

  https://docs.getdbt.com/docs/configure-your-profile

One more thing:

Need help? Don't hesitate to reach out to us via GitHub issues or on Slack:

  https://community.getdbt.com/

Happy modeling!

[0m11:55:59.745987 [info ] [MainThread]: Setting up your profile.
[0m11:57:45.129152 [info ] [MainThread]: Profile jornada_dw written to C:\Users\Gerson\.dbt\profiles.yml using target's profile_template.yml and your supplied values. Run 'dbt debug' to validate the connection.
[0m11:57:45.130161 [debug] [MainThread]: Command `dbt init` succeeded at 11:57:45.130161 after 207.74 seconds
[0m11:57:45.131154 [debug] [MainThread]: Sending event: {'category': 'dbt', 'action': 'invocation', 'label': 'end', 'context': [<snowplow_tracker.self_describing_json.SelfDescribingJson object at 0x0000022E53E0FEF0>, <snowplow_tracker.self_describing_json.SelfDescribingJson object at 0x0000022E529D55B0>, <snowplow_tracker.self_describing_json.SelfDescribingJson object at 0x0000022E54261FA0>]}
[0m11:57:45.131154 [debug] [MainThread]: Flushing usage events
[0m11:57:46.004399 [debug] [MainThread]: An error was encountered while trying to flush usage events
